[0.101s] DEBUG:colcon:Command line arguments: ['/usr/bin/colcon', 'build', '--packages-select', 'pub_sub_python']
[0.101s] DEBUG:colcon:Parsed command line arguments: Namespace(log_base=None, log_level=None, verb_name='build', build_base='build', install_base='install', merge_install=False, symlink_install=False, test_result_base=None, continue_on_error=False, executor='parallel', parallel_workers=16, event_handlers=None, ignore_user_meta=False, metas=['./colcon.meta'], base_paths=['.'], packages_ignore=None, packages_ignore_regex=None, paths=None, packages_up_to=None, packages_up_to_regex=None, packages_above=None, packages_above_and_dependencies=None, packages_above_depth=None, packages_select_by_dep=None, packages_skip_by_dep=None, packages_skip_up_to=None, packages_select_build_failed=False, packages_skip_build_finished=False, packages_select_test_failures=False, packages_skip_test_passed=False, packages_select=['pub_sub_python'], packages_skip=None, packages_select_regex=None, packages_skip_regex=None, packages_start=None, packages_end=None, allow_overriding=[], cmake_args=None, cmake_target=None, cmake_target_skip_unavailable=False, cmake_clean_cache=False, cmake_clean_first=False, cmake_force_configure=False, ament_cmake_args=None, catkin_cmake_args=None, catkin_skip_building_tests=False, mixin_files=None, mixin=None, verb_parser=<colcon_mixin.mixin.mixin_argument.MixinArgumentDecorator object at 0x76755a3a5b70>, verb_extension=<colcon_core.verb.build.BuildVerb object at 0x76755a3a5600>, main=<bound method BuildVerb.main of <colcon_core.verb.build.BuildVerb object at 0x76755a3a5600>>, mixin_verb=('build',))
[0.294s] Level 1:colcon.colcon_core.package_discovery:discover_packages(colcon_meta) check parameters
[0.294s] Level 1:colcon.colcon_core.package_discovery:discover_packages(recursive) check parameters
[0.294s] Level 1:colcon.colcon_core.package_discovery:discover_packages(ignore) check parameters
[0.294s] Level 1:colcon.colcon_core.package_discovery:discover_packages(path) check parameters
[0.294s] Level 1:colcon.colcon_core.package_discovery:discover_packages(colcon_meta) discover
[0.294s] Level 1:colcon.colcon_core.package_discovery:discover_packages(recursive) discover
[0.294s] INFO:colcon.colcon_core.package_discovery:Crawling recursively for packages in '/home/rafay/Documents/rafay/MyFolder_other_stuff/WSL_and_Stuff/other/open_source/ros2_fun/pub_sub_python3'
[0.294s] Level 1:colcon.colcon_core.package_identification:_identify(.) by extensions ['ignore', 'ignore_ament_install']
[0.294s] Level 1:colcon.colcon_core.package_identification:_identify(.) by extension 'ignore'
[0.294s] Level 1:colcon.colcon_core.package_identification:_identify(.) by extension 'ignore_ament_install'
[0.295s] Level 1:colcon.colcon_core.package_identification:_identify(.) by extensions ['colcon_pkg']
[0.295s] Level 1:colcon.colcon_core.package_identification:_identify(.) by extension 'colcon_pkg'
[0.295s] Level 1:colcon.colcon_core.package_identification:_identify(.) by extensions ['colcon_meta']
[0.295s] Level 1:colcon.colcon_core.package_identification:_identify(.) by extension 'colcon_meta'
[0.295s] Level 1:colcon.colcon_core.package_identification:_identify(.) by extensions ['ros']
[0.295s] Level 1:colcon.colcon_core.package_identification:_identify(.) by extension 'ros'
[0.303s] Level 1:colcon.colcon_core.package_identification:_identify(.) by extensions ['cmake', 'python']
[0.303s] Level 1:colcon.colcon_core.package_identification:_identify(.) by extension 'cmake'
[0.303s] Level 1:colcon.colcon_core.package_identification:_identify(.) by extension 'python'
[0.303s] Level 1:colcon.colcon_core.package_identification:_identify(.) by extensions ['python_setup_py']
[0.303s] Level 1:colcon.colcon_core.package_identification:_identify(.) by extension 'python_setup_py'
[0.303s] Level 1:colcon.colcon_core.package_identification:_identify(build) by extensions ['ignore', 'ignore_ament_install']
[0.303s] Level 1:colcon.colcon_core.package_identification:_identify(build) by extension 'ignore'
[0.303s] Level 1:colcon.colcon_core.package_identification:_identify(build) ignored
[0.303s] Level 1:colcon.colcon_core.package_identification:_identify(install) by extensions ['ignore', 'ignore_ament_install']
[0.303s] Level 1:colcon.colcon_core.package_identification:_identify(install) by extension 'ignore'
[0.303s] Level 1:colcon.colcon_core.package_identification:_identify(install) ignored
[0.303s] Level 1:colcon.colcon_core.package_identification:_identify(log) by extensions ['ignore', 'ignore_ament_install']
[0.303s] Level 1:colcon.colcon_core.package_identification:_identify(log) by extension 'ignore'
[0.303s] Level 1:colcon.colcon_core.package_identification:_identify(log) ignored
[0.303s] Level 1:colcon.colcon_core.package_identification:_identify(src) by extensions ['ignore', 'ignore_ament_install']
[0.304s] Level 1:colcon.colcon_core.package_identification:_identify(src) by extension 'ignore'
[0.304s] Level 1:colcon.colcon_core.package_identification:_identify(src) by extension 'ignore_ament_install'
[0.304s] Level 1:colcon.colcon_core.package_identification:_identify(src) by extensions ['colcon_pkg']
[0.304s] Level 1:colcon.colcon_core.package_identification:_identify(src) by extension 'colcon_pkg'
[0.304s] Level 1:colcon.colcon_core.package_identification:_identify(src) by extensions ['colcon_meta']
[0.304s] Level 1:colcon.colcon_core.package_identification:_identify(src) by extension 'colcon_meta'
[0.304s] Level 1:colcon.colcon_core.package_identification:_identify(src) by extensions ['ros']
[0.304s] Level 1:colcon.colcon_core.package_identification:_identify(src) by extension 'ros'
[0.304s] Level 1:colcon.colcon_core.package_identification:_identify(src) by extensions ['cmake', 'python']
[0.304s] Level 1:colcon.colcon_core.package_identification:_identify(src) by extension 'cmake'
[0.304s] Level 1:colcon.colcon_core.package_identification:_identify(src) by extension 'python'
[0.304s] Level 1:colcon.colcon_core.package_identification:_identify(src) by extensions ['python_setup_py']
[0.304s] Level 1:colcon.colcon_core.package_identification:_identify(src) by extension 'python_setup_py'
[0.304s] Level 1:colcon.colcon_core.package_identification:_identify(src/pub_sub_python) by extensions ['ignore', 'ignore_ament_install']
[0.304s] Level 1:colcon.colcon_core.package_identification:_identify(src/pub_sub_python) by extension 'ignore'
[0.304s] Level 1:colcon.colcon_core.package_identification:_identify(src/pub_sub_python) by extension 'ignore_ament_install'
[0.304s] Level 1:colcon.colcon_core.package_identification:_identify(src/pub_sub_python) by extensions ['colcon_pkg']
[0.304s] Level 1:colcon.colcon_core.package_identification:_identify(src/pub_sub_python) by extension 'colcon_pkg'
[0.304s] Level 1:colcon.colcon_core.package_identification:_identify(src/pub_sub_python) by extensions ['colcon_meta']
[0.304s] Level 1:colcon.colcon_core.package_identification:_identify(src/pub_sub_python) by extension 'colcon_meta'
[0.304s] Level 1:colcon.colcon_core.package_identification:_identify(src/pub_sub_python) by extensions ['ros']
[0.304s] Level 1:colcon.colcon_core.package_identification:_identify(src/pub_sub_python) by extension 'ros'
[0.313s] DEBUG:colcon.colcon_core.package_identification:Package 'src/pub_sub_python' with type 'ros.ament_python' and name 'pub_sub_python'
[0.313s] Level 1:colcon.colcon_core.package_discovery:discover_packages(recursive) using defaults
[0.313s] Level 1:colcon.colcon_core.package_discovery:discover_packages(ignore) discover
[0.313s] Level 1:colcon.colcon_core.package_discovery:discover_packages(ignore) using defaults
[0.313s] Level 1:colcon.colcon_core.package_discovery:discover_packages(path) discover
[0.313s] Level 1:colcon.colcon_core.package_discovery:discover_packages(path) using defaults
[0.327s] Level 1:colcon.colcon_core.package_discovery:discover_packages(prefix_path) check parameters
[0.327s] Level 1:colcon.colcon_core.package_discovery:discover_packages(prefix_path) discover
[0.329s] DEBUG:colcon.colcon_installed_package_information.package_discovery:Found 270 installed packages in /opt/ros/humble
[0.330s] Level 1:colcon.colcon_core.package_discovery:discover_packages(prefix_path) using defaults
[0.359s] Level 5:colcon.colcon_core.verb:set package 'pub_sub_python' build argument 'cmake_args' from command line to 'None'
[0.359s] Level 5:colcon.colcon_core.verb:set package 'pub_sub_python' build argument 'cmake_target' from command line to 'None'
[0.359s] Level 5:colcon.colcon_core.verb:set package 'pub_sub_python' build argument 'cmake_target_skip_unavailable' from command line to 'False'
[0.359s] Level 5:colcon.colcon_core.verb:set package 'pub_sub_python' build argument 'cmake_clean_cache' from command line to 'False'
[0.359s] Level 5:colcon.colcon_core.verb:set package 'pub_sub_python' build argument 'cmake_clean_first' from command line to 'False'
[0.359s] Level 5:colcon.colcon_core.verb:set package 'pub_sub_python' build argument 'cmake_force_configure' from command line to 'False'
[0.359s] Level 5:colcon.colcon_core.verb:set package 'pub_sub_python' build argument 'ament_cmake_args' from command line to 'None'
[0.359s] Level 5:colcon.colcon_core.verb:set package 'pub_sub_python' build argument 'catkin_cmake_args' from command line to 'None'
[0.359s] Level 5:colcon.colcon_core.verb:set package 'pub_sub_python' build argument 'catkin_skip_building_tests' from command line to 'False'
[0.359s] DEBUG:colcon.colcon_core.verb:Building package 'pub_sub_python' with the following arguments: {'ament_cmake_args': None, 'build_base': '/home/rafay/Documents/rafay/MyFolder_other_stuff/WSL_and_Stuff/other/open_source/ros2_fun/pub_sub_python3/build/pub_sub_python', 'catkin_cmake_args': None, 'catkin_skip_building_tests': False, 'cmake_args': None, 'cmake_clean_cache': False, 'cmake_clean_first': False, 'cmake_force_configure': False, 'cmake_target': None, 'cmake_target_skip_unavailable': False, 'install_base': '/home/rafay/Documents/rafay/MyFolder_other_stuff/WSL_and_Stuff/other/open_source/ros2_fun/pub_sub_python3/install/pub_sub_python', 'merge_install': False, 'path': '/home/rafay/Documents/rafay/MyFolder_other_stuff/WSL_and_Stuff/other/open_source/ros2_fun/pub_sub_python3/src/pub_sub_python', 'symlink_install': False, 'test_result_base': None}
[0.359s] INFO:colcon.colcon_core.executor:Executing jobs using 'parallel' executor
[0.360s] DEBUG:colcon.colcon_parallel_executor.executor.parallel:run_until_complete
[0.360s] INFO:colcon.colcon_ros.task.ament_python.build:Building ROS package in '/home/rafay/Documents/rafay/MyFolder_other_stuff/WSL_and_Stuff/other/open_source/ros2_fun/pub_sub_python3/src/pub_sub_python' with build type 'ament_python'
[0.360s] Level 1:colcon.colcon_core.shell:create_environment_hook('pub_sub_python', 'ament_prefix_path')
[0.362s] INFO:colcon.colcon_core.plugin_system:Skipping extension 'colcon_core.shell.bat': Not used on non-Windows systems
[0.362s] INFO:colcon.colcon_core.shell:Creating environment hook '/home/rafay/Documents/rafay/MyFolder_other_stuff/WSL_and_Stuff/other/open_source/ros2_fun/pub_sub_python3/install/pub_sub_python/share/pub_sub_python/hook/ament_prefix_path.ps1'
[0.363s] INFO:colcon.colcon_core.shell:Creating environment descriptor '/home/rafay/Documents/rafay/MyFolder_other_stuff/WSL_and_Stuff/other/open_source/ros2_fun/pub_sub_python3/install/pub_sub_python/share/pub_sub_python/hook/ament_prefix_path.dsv'
[0.363s] INFO:colcon.colcon_core.shell:Creating environment hook '/home/rafay/Documents/rafay/MyFolder_other_stuff/WSL_and_Stuff/other/open_source/ros2_fun/pub_sub_python3/install/pub_sub_python/share/pub_sub_python/hook/ament_prefix_path.sh'
[0.364s] INFO:colcon.colcon_core.shell:Skip shell extension 'powershell' for command environment: Not usable outside of PowerShell
[0.364s] DEBUG:colcon.colcon_core.shell:Skip shell extension 'dsv' for command environment
[0.640s] INFO:colcon.colcon_core.task.python.build:Building Python package in '/home/rafay/Documents/rafay/MyFolder_other_stuff/WSL_and_Stuff/other/open_source/ros2_fun/pub_sub_python3/src/pub_sub_python'
[0.641s] INFO:colcon.colcon_core.shell:Skip shell extension 'powershell' for command environment: Not usable outside of PowerShell
[0.641s] DEBUG:colcon.colcon_core.shell:Skip shell extension 'dsv' for command environment
[1.011s] DEBUG:colcon.colcon_core.event_handler.log_command:Invoking command in '/home/rafay/Documents/rafay/MyFolder_other_stuff/WSL_and_Stuff/other/open_source/ros2_fun/pub_sub_python3/src/pub_sub_python': CONDA_PROMPT_MODIFIER=(base) PYTHONPATH=/home/rafay/Documents/rafay/MyFolder_other_stuff/WSL_and_Stuff/other/open_source/ros2_fun/pub_sub_python3/build/pub_sub_python/prefix_override:/usr/lib/python3/dist-packages/colcon_core/task/python/colcon_distutils_commands:/home/rafay/Documents/rafay/MyFolder_other_stuff/WSL_and_Stuff/other/open_source/ros2_fun/pub_sub_python3/install/pub_sub_python/lib/python3.10/site-packages:${PYTHONPATH} /usr/bin/python3 -W ignore:setup.py install is deprecated -W ignore:easy_install command is deprecated setup.py egg_info --egg-base ../../build/pub_sub_python build --build-base /home/rafay/Documents/rafay/MyFolder_other_stuff/WSL_and_Stuff/other/open_source/ros2_fun/pub_sub_python3/build/pub_sub_python/build install --record /home/rafay/Documents/rafay/MyFolder_other_stuff/WSL_and_Stuff/other/open_source/ros2_fun/pub_sub_python3/build/pub_sub_python/install.log --single-version-externally-managed install_data
[1.307s] DEBUG:colcon.colcon_core.event_handler.log_command:Invoked command in '/home/rafay/Documents/rafay/MyFolder_other_stuff/WSL_and_Stuff/other/open_source/ros2_fun/pub_sub_python3/src/pub_sub_python' returned '0': CONDA_PROMPT_MODIFIER=(base) PYTHONPATH=/home/rafay/Documents/rafay/MyFolder_other_stuff/WSL_and_Stuff/other/open_source/ros2_fun/pub_sub_python3/build/pub_sub_python/prefix_override:/usr/lib/python3/dist-packages/colcon_core/task/python/colcon_distutils_commands:/home/rafay/Documents/rafay/MyFolder_other_stuff/WSL_and_Stuff/other/open_source/ros2_fun/pub_sub_python3/install/pub_sub_python/lib/python3.10/site-packages:${PYTHONPATH} /usr/bin/python3 -W ignore:setup.py install is deprecated -W ignore:easy_install command is deprecated setup.py egg_info --egg-base ../../build/pub_sub_python build --build-base /home/rafay/Documents/rafay/MyFolder_other_stuff/WSL_and_Stuff/other/open_source/ros2_fun/pub_sub_python3/build/pub_sub_python/build install --record /home/rafay/Documents/rafay/MyFolder_other_stuff/WSL_and_Stuff/other/open_source/ros2_fun/pub_sub_python3/build/pub_sub_python/install.log --single-version-externally-managed install_data
[1.310s] Level 1:colcon.colcon_core.environment:checking '/home/rafay/Documents/rafay/MyFolder_other_stuff/WSL_and_Stuff/other/open_source/ros2_fun/pub_sub_python3/install/pub_sub_python' for CMake module files
[1.310s] Level 1:colcon.colcon_core.environment:checking '/home/rafay/Documents/rafay/MyFolder_other_stuff/WSL_and_Stuff/other/open_source/ros2_fun/pub_sub_python3/install/pub_sub_python' for CMake config files
[1.311s] Level 1:colcon.colcon_core.environment:checking '/home/rafay/Documents/rafay/MyFolder_other_stuff/WSL_and_Stuff/other/open_source/ros2_fun/pub_sub_python3/install/pub_sub_python/lib'
[1.311s] Level 1:colcon.colcon_core.environment:checking '/home/rafay/Documents/rafay/MyFolder_other_stuff/WSL_and_Stuff/other/open_source/ros2_fun/pub_sub_python3/install/pub_sub_python/bin'
[1.311s] Level 1:colcon.colcon_core.environment:checking '/home/rafay/Documents/rafay/MyFolder_other_stuff/WSL_and_Stuff/other/open_source/ros2_fun/pub_sub_python3/install/pub_sub_python/lib/pkgconfig/pub_sub_python.pc'
[1.311s] Level 1:colcon.colcon_core.environment:checking '/home/rafay/Documents/rafay/MyFolder_other_stuff/WSL_and_Stuff/other/open_source/ros2_fun/pub_sub_python3/install/pub_sub_python/lib/python3.10/site-packages'
[1.311s] Level 1:colcon.colcon_core.shell:create_environment_hook('pub_sub_python', 'pythonpath')
[1.311s] INFO:colcon.colcon_core.shell:Creating environment hook '/home/rafay/Documents/rafay/MyFolder_other_stuff/WSL_and_Stuff/other/open_source/ros2_fun/pub_sub_python3/install/pub_sub_python/share/pub_sub_python/hook/pythonpath.ps1'
[1.312s] INFO:colcon.colcon_core.shell:Creating environment descriptor '/home/rafay/Documents/rafay/MyFolder_other_stuff/WSL_and_Stuff/other/open_source/ros2_fun/pub_sub_python3/install/pub_sub_python/share/pub_sub_python/hook/pythonpath.dsv'
[1.312s] INFO:colcon.colcon_core.shell:Creating environment hook '/home/rafay/Documents/rafay/MyFolder_other_stuff/WSL_and_Stuff/other/open_source/ros2_fun/pub_sub_python3/install/pub_sub_python/share/pub_sub_python/hook/pythonpath.sh'
[1.312s] Level 1:colcon.colcon_core.environment:checking '/home/rafay/Documents/rafay/MyFolder_other_stuff/WSL_and_Stuff/other/open_source/ros2_fun/pub_sub_python3/install/pub_sub_python/bin'
[1.312s] Level 1:colcon.colcon_core.environment:create_environment_scripts_only(pub_sub_python)
[1.313s] INFO:colcon.colcon_core.shell:Creating package script '/home/rafay/Documents/rafay/MyFolder_other_stuff/WSL_and_Stuff/other/open_source/ros2_fun/pub_sub_python3/install/pub_sub_python/share/pub_sub_python/package.ps1'
[1.313s] INFO:colcon.colcon_core.shell:Creating package descriptor '/home/rafay/Documents/rafay/MyFolder_other_stuff/WSL_and_Stuff/other/open_source/ros2_fun/pub_sub_python3/install/pub_sub_python/share/pub_sub_python/package.dsv'
[1.314s] INFO:colcon.colcon_core.shell:Creating package script '/home/rafay/Documents/rafay/MyFolder_other_stuff/WSL_and_Stuff/other/open_source/ros2_fun/pub_sub_python3/install/pub_sub_python/share/pub_sub_python/package.sh'
[1.315s] INFO:colcon.colcon_core.shell:Creating package script '/home/rafay/Documents/rafay/MyFolder_other_stuff/WSL_and_Stuff/other/open_source/ros2_fun/pub_sub_python3/install/pub_sub_python/share/pub_sub_python/package.bash'
[1.315s] INFO:colcon.colcon_core.shell:Creating package script '/home/rafay/Documents/rafay/MyFolder_other_stuff/WSL_and_Stuff/other/open_source/ros2_fun/pub_sub_python3/install/pub_sub_python/share/pub_sub_python/package.zsh'
[1.316s] Level 1:colcon.colcon_core.environment:create_file_with_runtime_dependencies(/home/rafay/Documents/rafay/MyFolder_other_stuff/WSL_and_Stuff/other/open_source/ros2_fun/pub_sub_python3/install/pub_sub_python/share/colcon-core/packages/pub_sub_python)
[1.316s] DEBUG:colcon.colcon_parallel_executor.executor.parallel:closing loop
[1.316s] DEBUG:colcon.colcon_parallel_executor.executor.parallel:loop closed
[1.316s] DEBUG:colcon.colcon_parallel_executor.executor.parallel:run_until_complete finished with '0'
[1.316s] DEBUG:colcon.colcon_core.event_reactor:joining thread
[1.320s] INFO:colcon.colcon_core.plugin_system:Skipping extension 'colcon_notification.desktop_notification.terminal_notifier': Not used on non-Darwin systems
[1.321s] INFO:colcon.colcon_core.plugin_system:Skipping extension 'colcon_notification.desktop_notification.win32': Not used on non-Windows systems
[1.321s] INFO:colcon.colcon_notification.desktop_notification:Sending desktop notification using 'notify2'
[1.330s] DEBUG:colcon.colcon_core.event_reactor:joined thread
[1.331s] INFO:colcon.colcon_core.shell:Creating prefix script '/home/rafay/Documents/rafay/MyFolder_other_stuff/WSL_and_Stuff/other/open_source/ros2_fun/pub_sub_python3/install/local_setup.ps1'
[1.331s] INFO:colcon.colcon_core.shell:Creating prefix util module '/home/rafay/Documents/rafay/MyFolder_other_stuff/WSL_and_Stuff/other/open_source/ros2_fun/pub_sub_python3/install/_local_setup_util_ps1.py'
[1.332s] INFO:colcon.colcon_core.shell:Creating prefix chain script '/home/rafay/Documents/rafay/MyFolder_other_stuff/WSL_and_Stuff/other/open_source/ros2_fun/pub_sub_python3/install/setup.ps1'
[1.333s] INFO:colcon.colcon_core.shell:Creating prefix script '/home/rafay/Documents/rafay/MyFolder_other_stuff/WSL_and_Stuff/other/open_source/ros2_fun/pub_sub_python3/install/local_setup.sh'
[1.333s] INFO:colcon.colcon_core.shell:Creating prefix util module '/home/rafay/Documents/rafay/MyFolder_other_stuff/WSL_and_Stuff/other/open_source/ros2_fun/pub_sub_python3/install/_local_setup_util_sh.py'
[1.334s] INFO:colcon.colcon_core.shell:Creating prefix chain script '/home/rafay/Documents/rafay/MyFolder_other_stuff/WSL_and_Stuff/other/open_source/ros2_fun/pub_sub_python3/install/setup.sh'
[1.335s] INFO:colcon.colcon_core.shell:Creating prefix script '/home/rafay/Documents/rafay/MyFolder_other_stuff/WSL_and_Stuff/other/open_source/ros2_fun/pub_sub_python3/install/local_setup.bash'
[1.335s] INFO:colcon.colcon_core.shell:Creating prefix chain script '/home/rafay/Documents/rafay/MyFolder_other_stuff/WSL_and_Stuff/other/open_source/ros2_fun/pub_sub_python3/install/setup.bash'
[1.336s] INFO:colcon.colcon_core.shell:Creating prefix script '/home/rafay/Documents/rafay/MyFolder_other_stuff/WSL_and_Stuff/other/open_source/ros2_fun/pub_sub_python3/install/local_setup.zsh'
[1.336s] INFO:colcon.colcon_core.shell:Creating prefix chain script '/home/rafay/Documents/rafay/MyFolder_other_stuff/WSL_and_Stuff/other/open_source/ros2_fun/pub_sub_python3/install/setup.zsh'
