[0.650s] Invoking command in '/home/rafay/Documents/rafay/MyFolder_other_stuff/WSL_and_Stuff/other/open_source/ros2_fun/pub_sub_python3/src/pub_sub_python': CONDA_PROMPT_MODIFIER=(base) PYTHONPATH=/home/rafay/Documents/rafay/MyFolder_other_stuff/WSL_and_Stuff/other/open_source/ros2_fun/pub_sub_python3/build/pub_sub_python/prefix_override:/usr/lib/python3/dist-packages/colcon_core/task/python/colcon_distutils_commands:/home/rafay/Documents/rafay/MyFolder_other_stuff/WSL_and_Stuff/other/open_source/ros2_fun/pub_sub_python3/install/pub_sub_python/lib/python3.10/site-packages:${PYTHONPATH} /usr/bin/python3 -W ignore:setup.py install is deprecated -W ignore:easy_install command is deprecated setup.py egg_info --egg-base ../../build/pub_sub_python build --build-base /home/rafay/Documents/rafay/MyFolder_other_stuff/WSL_and_Stuff/other/open_source/ros2_fun/pub_sub_python3/build/pub_sub_python/build install --record /home/rafay/Documents/rafay/MyFolder_other_stuff/WSL_and_Stuff/other/open_source/ros2_fun/pub_sub_python3/build/pub_sub_python/install.log --single-version-externally-managed install_data
[0.898s] running egg_info
[0.899s] creating ../../build/pub_sub_python/pub_sub_python.egg-info
[0.899s] writing ../../build/pub_sub_python/pub_sub_python.egg-info/PKG-INFO
[0.899s] writing dependency_links to ../../build/pub_sub_python/pub_sub_python.egg-info/dependency_links.txt
[0.899s] writing entry points to ../../build/pub_sub_python/pub_sub_python.egg-info/entry_points.txt
[0.900s] writing requirements to ../../build/pub_sub_python/pub_sub_python.egg-info/requires.txt
[0.900s] writing top-level names to ../../build/pub_sub_python/pub_sub_python.egg-info/top_level.txt
[0.900s] writing manifest file '../../build/pub_sub_python/pub_sub_python.egg-info/SOURCES.txt'
[0.901s] reading manifest file '../../build/pub_sub_python/pub_sub_python.egg-info/SOURCES.txt'
[0.902s] writing manifest file '../../build/pub_sub_python/pub_sub_python.egg-info/SOURCES.txt'
[0.902s] running build
[0.902s] running build_py
[0.902s] creating /home/rafay/Documents/rafay/MyFolder_other_stuff/WSL_and_Stuff/other/open_source/ros2_fun/pub_sub_python3/build/pub_sub_python/build
[0.902s] creating /home/rafay/Documents/rafay/MyFolder_other_stuff/WSL_and_Stuff/other/open_source/ros2_fun/pub_sub_python3/build/pub_sub_python/build/lib
[0.902s] creating /home/rafay/Documents/rafay/MyFolder_other_stuff/WSL_and_Stuff/other/open_source/ros2_fun/pub_sub_python3/build/pub_sub_python/build/lib/pub_sub_python
[0.902s] copying pub_sub_python/__init__.py -> /home/rafay/Documents/rafay/MyFolder_other_stuff/WSL_and_Stuff/other/open_source/ros2_fun/pub_sub_python3/build/pub_sub_python/build/lib/pub_sub_python
[0.903s] copying pub_sub_python/subscriber.py -> /home/rafay/Documents/rafay/MyFolder_other_stuff/WSL_and_Stuff/other/open_source/ros2_fun/pub_sub_python3/build/pub_sub_python/build/lib/pub_sub_python
[0.903s] copying pub_sub_python/publisher.py -> /home/rafay/Documents/rafay/MyFolder_other_stuff/WSL_and_Stuff/other/open_source/ros2_fun/pub_sub_python3/build/pub_sub_python/build/lib/pub_sub_python
[0.903s] running install
[0.903s] running install_lib
[0.903s] creating /home/rafay/Documents/rafay/MyFolder_other_stuff/WSL_and_Stuff/other/open_source/ros2_fun/pub_sub_python3/install/pub_sub_python/lib/python3.10/site-packages/pub_sub_python
[0.904s] copying /home/rafay/Documents/rafay/MyFolder_other_stuff/WSL_and_Stuff/other/open_source/ros2_fun/pub_sub_python3/build/pub_sub_python/build/lib/pub_sub_python/__init__.py -> /home/rafay/Documents/rafay/MyFolder_other_stuff/WSL_and_Stuff/other/open_source/ros2_fun/pub_sub_python3/install/pub_sub_python/lib/python3.10/site-packages/pub_sub_python
[0.904s] copying /home/rafay/Documents/rafay/MyFolder_other_stuff/WSL_and_Stuff/other/open_source/ros2_fun/pub_sub_python3/build/pub_sub_python/build/lib/pub_sub_python/subscriber.py -> /home/rafay/Documents/rafay/MyFolder_other_stuff/WSL_and_Stuff/other/open_source/ros2_fun/pub_sub_python3/install/pub_sub_python/lib/python3.10/site-packages/pub_sub_python
[0.904s] copying /home/rafay/Documents/rafay/MyFolder_other_stuff/WSL_and_Stuff/other/open_source/ros2_fun/pub_sub_python3/build/pub_sub_python/build/lib/pub_sub_python/publisher.py -> /home/rafay/Documents/rafay/MyFolder_other_stuff/WSL_and_Stuff/other/open_source/ros2_fun/pub_sub_python3/install/pub_sub_python/lib/python3.10/site-packages/pub_sub_python
[0.904s] byte-compiling /home/rafay/Documents/rafay/MyFolder_other_stuff/WSL_and_Stuff/other/open_source/ros2_fun/pub_sub_python3/install/pub_sub_python/lib/python3.10/site-packages/pub_sub_python/__init__.py to __init__.cpython-310.pyc
[0.904s] byte-compiling /home/rafay/Documents/rafay/MyFolder_other_stuff/WSL_and_Stuff/other/open_source/ros2_fun/pub_sub_python3/install/pub_sub_python/lib/python3.10/site-packages/pub_sub_python/subscriber.py to subscriber.cpython-310.pyc
[0.905s] byte-compiling /home/rafay/Documents/rafay/MyFolder_other_stuff/WSL_and_Stuff/other/open_source/ros2_fun/pub_sub_python3/install/pub_sub_python/lib/python3.10/site-packages/pub_sub_python/publisher.py to publisher.cpython-310.pyc
[0.905s] running install_data
[0.905s] creating /home/rafay/Documents/rafay/MyFolder_other_stuff/WSL_and_Stuff/other/open_source/ros2_fun/pub_sub_python3/install/pub_sub_python/share/ament_index
[0.905s] creating /home/rafay/Documents/rafay/MyFolder_other_stuff/WSL_and_Stuff/other/open_source/ros2_fun/pub_sub_python3/install/pub_sub_python/share/ament_index/resource_index
[0.905s] creating /home/rafay/Documents/rafay/MyFolder_other_stuff/WSL_and_Stuff/other/open_source/ros2_fun/pub_sub_python3/install/pub_sub_python/share/ament_index/resource_index/packages
[0.905s] copying resource/pub_sub_python -> /home/rafay/Documents/rafay/MyFolder_other_stuff/WSL_and_Stuff/other/open_source/ros2_fun/pub_sub_python3/install/pub_sub_python/share/ament_index/resource_index/packages
[0.906s] copying package.xml -> /home/rafay/Documents/rafay/MyFolder_other_stuff/WSL_and_Stuff/other/open_source/ros2_fun/pub_sub_python3/install/pub_sub_python/share/pub_sub_python
[0.906s] running install_egg_info
[0.908s] Copying ../../build/pub_sub_python/pub_sub_python.egg-info to /home/rafay/Documents/rafay/MyFolder_other_stuff/WSL_and_Stuff/other/open_source/ros2_fun/pub_sub_python3/install/pub_sub_python/lib/python3.10/site-packages/pub_sub_python-0.0.0-py3.10.egg-info
[0.909s] running install_scripts
[0.925s] Installing listener script to /home/rafay/Documents/rafay/MyFolder_other_stuff/WSL_and_Stuff/other/open_source/ros2_fun/pub_sub_python3/install/pub_sub_python/lib/pub_sub_python
[0.926s] Installing talker script to /home/rafay/Documents/rafay/MyFolder_other_stuff/WSL_and_Stuff/other/open_source/ros2_fun/pub_sub_python3/install/pub_sub_python/lib/pub_sub_python
[0.926s] writing list of installed files to '/home/rafay/Documents/rafay/MyFolder_other_stuff/WSL_and_Stuff/other/open_source/ros2_fun/pub_sub_python3/build/pub_sub_python/install.log'
[0.946s] Invoked command in '/home/rafay/Documents/rafay/MyFolder_other_stuff/WSL_and_Stuff/other/open_source/ros2_fun/pub_sub_python3/src/pub_sub_python' returned '0': CONDA_PROMPT_MODIFIER=(base) PYTHONPATH=/home/rafay/Documents/rafay/MyFolder_other_stuff/WSL_and_Stuff/other/open_source/ros2_fun/pub_sub_python3/build/pub_sub_python/prefix_override:/usr/lib/python3/dist-packages/colcon_core/task/python/colcon_distutils_commands:/home/rafay/Documents/rafay/MyFolder_other_stuff/WSL_and_Stuff/other/open_source/ros2_fun/pub_sub_python3/install/pub_sub_python/lib/python3.10/site-packages:${PYTHONPATH} /usr/bin/python3 -W ignore:setup.py install is deprecated -W ignore:easy_install command is deprecated setup.py egg_info --egg-base ../../build/pub_sub_python build --build-base /home/rafay/Documents/rafay/MyFolder_other_stuff/WSL_and_Stuff/other/open_source/ros2_fun/pub_sub_python3/build/pub_sub_python/build install --record /home/rafay/Documents/rafay/MyFolder_other_stuff/WSL_and_Stuff/other/open_source/ros2_fun/pub_sub_python3/build/pub_sub_python/install.log --single-version-externally-managed install_data
